Build started 8/19/2014 4:12:04 PM.
     1>Project "C:\Users\Ray Donelick\Documents\Ravi\ScopeControlLib\Tester\Tester.vcxproj" on node 2 (Build target(s)).
     1>ClCompile:
         C:\Program Files (x86)\Microsoft Visual Studio 12.0\VC\bin\CL.exe /c /I"C:\Program Files (x86)\Lumenera Corporation\Lumenera Camera SDK\Include" /I"C:\Program Files\opencv\build\include\opencv" /I"C:\Program Files\opencv\build\include" /I"C:\Program Files\boost_1_55_0" /I..\ScopeControlLib /AI"C:\Program Files (x86)\Reference Assemblies\Microsoft\Framework\.NETFramework\v4.0" /AI"C:\Program Files (x86)\Windows Kits\8.1\References\CommonConfiguration\Neutral" /Zi /clr /nologo /W3 /WX- /sdl /Od /Oy- /D _CRT_SECURE_NO_WARNINGS /D WIN32 /D _DEBUG /D _CONSOLE /D _LIB /D _UNICODE /D UNICODE /EHa /MDd /GS /fp:precise /Zc:wchar_t /Zc:forScope /Yc"stdafx.h" /Fp"Debug\Tester.pch" /Fo"Debug\\" /Fd"Debug\vc120.pdb" /TP /FU"C:\Program Files (x86)\Reference Assemblies\Microsoft\Framework\.NETFramework\v4.0\mscorlib.dll" /FU"C:\Users\Ray Donelick\Documents\Ravi\ScopeControlLib\Debug\ScopeControlLib.dll" /analyze- /errorReport:prompt /clr:nostdlib stdafx.cpp
         stdafx.cpp
         C:\Program Files (x86)\Microsoft Visual Studio 12.0\VC\bin\CL.exe /c /I"C:\Program Files (x86)\Lumenera Corporation\Lumenera Camera SDK\Include" /I"C:\Program Files\opencv\build\include\opencv" /I"C:\Program Files\opencv\build\include" /I"C:\Program Files\boost_1_55_0" /I..\ScopeControlLib /AI"C:\Program Files (x86)\Reference Assemblies\Microsoft\Framework\.NETFramework\v4.0" /AI"C:\Program Files (x86)\Windows Kits\8.1\References\CommonConfiguration\Neutral" /Zi /clr /nologo /W3 /WX- /sdl /Od /Oy- /D _CRT_SECURE_NO_WARNINGS /D WIN32 /D _DEBUG /D _CONSOLE /D _LIB /D _UNICODE /D UNICODE /EHa /MDd /GS /fp:precise /Zc:wchar_t /Zc:forScope /Yu"stdafx.h" /Fp"Debug\Tester.pch" /Fo"Debug\\" /Fd"Debug\vc120.pdb" /TP /FU"C:\Program Files (x86)\Reference Assemblies\Microsoft\Framework\.NETFramework\v4.0\mscorlib.dll" /FU"C:\Users\Ray Donelick\Documents\Ravi\ScopeControlLib\Debug\ScopeControlLib.dll" /analyze- /errorReport:prompt /clr:nostdlib Tester.cpp
         Tester.cpp
     1>C:\Users\Ray Donelick\Documents\Ravi\ScopeControlLib\ScopeControlLib\scopecontrol.h(12): warning C4005: '_WIN32_WINNT' : macro redefinition
                 C:\Program Files (x86)\Windows Kits\8.1\Include\shared\SDKDDKVer.h(200) : see previous definition of '_WIN32_WINNT'
       Link:
         C:\Program Files (x86)\Microsoft Visual Studio 12.0\VC\bin\link.exe /ERRORREPORT:PROMPT /OUT:"C:\Users\Ray Donelick\Documents\Ravi\ScopeControlLib\Debug\Tester.exe" /INCREMENTAL /NOLOGO /LIBPATH:"C:\Program Files (x86)\Lumenera Corporation\Lumenera Camera SDK\Lib\lib32" /LIBPATH:"C:\Program Files\opencv\build\x86\vc12\lib" /LIBPATH:"C:\Program Files\opencv\build\x86\vc12\bin" /LIBPATH:"C:\Program Files\boost_1_55_0\stage\lib" opencv_core249d.lib opencv_imgproc249d.lib opencv_highgui249d.lib opencv_ml249d.lib opencv_video249d.lib opencv_features2d249d.lib opencv_calib3d249d.lib opencv_objdetect249d.lib opencv_contrib249d.lib opencv_legacy249d.lib opencv_flann249d.lib lucamapi.lib kernel32.lib user32.lib gdi32.lib winspool.lib comdlg32.lib advapi32.lib shell32.lib ole32.lib oleaut32.lib uuid.lib odbc32.lib odbccp32.lib /MANIFEST /MANIFESTUAC:"level='asInvoker' uiAccess='false'" /manifest:embed /DEBUG /PDB:"C:\Users\Ray Donelick\Documents\Ravi\ScopeControlLib\Debug\Tester.pdb" /ASSEMBLYDEBUG /SUBSYSTEM:CONSOLE /TLBID:1 /DYNAMICBASE /FIXED:NO /NXCOMPAT /MACHINE:X86 Debug\stdafx.obj
         Debug\Tester.obj
         "Debug\.NETFramework,Version=v4.0.AssemblyAttributes.obj"
     1>Tester.obj : error LNK2028: unresolved token (0A000F5C) "public: bool __thiscall sc::LumeneraCamera::connect(int)" (?connect@LumeneraCamera@sc@@$$FQAE_NH@Z) referenced in function "int __cdecl main(void)" (?main@@$$HYAHXZ)
     1>Tester.obj : error LNK2028: unresolved token (0A000F5D) "public: __thiscall sc::StageController::StageController(class std::basic_string<char,struct std::char_traits<char>,class std::allocator<char> > const &,enum sc::STAGE_TYPE,class std::basic_string<char,struct std::char_traits<char>,class std::allocator<char> > const &)" (??0StageController@sc@@$$FQAE@ABV?$basic_string@DU?$char_traits@D@std@@V?$allocator@D@2@@std@@W4STAGE_TYPE@1@0@Z) referenced in function "int __cdecl main(void)" (?main@@$$HYAHXZ)
     1>Tester.obj : error LNK2028: unresolved token (0A000F5E) "public: __thiscall sc::LumeneraCamera::LumeneraCamera(void)" (??0LumeneraCamera@sc@@$$FQAE@XZ) referenced in function "int __cdecl main(void)" (?main@@$$HYAHXZ)
     1>Tester.obj : error LNK2019: unresolved external symbol "public: __thiscall sc::LumeneraCamera::LumeneraCamera(void)" (??0LumeneraCamera@sc@@$$FQAE@XZ) referenced in function "int __cdecl main(void)" (?main@@$$HYAHXZ)
     1>Tester.obj : error LNK2019: unresolved external symbol "public: __thiscall sc::StageController::StageController(class std::basic_string<char,struct std::char_traits<char>,class std::allocator<char> > const &,enum sc::STAGE_TYPE,class std::basic_string<char,struct std::char_traits<char>,class std::allocator<char> > const &)" (??0StageController@sc@@$$FQAE@ABV?$basic_string@DU?$char_traits@D@std@@V?$allocator@D@2@@std@@W4STAGE_TYPE@1@0@Z) referenced in function "int __cdecl main(void)" (?main@@$$HYAHXZ)
     1>Tester.obj : error LNK2019: unresolved external symbol "public: bool __thiscall sc::LumeneraCamera::connect(int)" (?connect@LumeneraCamera@sc@@$$FQAE_NH@Z) referenced in function "int __cdecl main(void)" (?main@@$$HYAHXZ)
     1>C:\Users\Ray Donelick\Documents\Ravi\ScopeControlLib\Debug\Tester.exe : fatal error LNK1120: 6 unresolved externals
     1>Done Building Project "C:\Users\Ray Donelick\Documents\Ravi\ScopeControlLib\Tester\Tester.vcxproj" (Build target(s)) -- FAILED.

Build FAILED.

Time Elapsed 00:00:03.06
